<?xml version="1.0" encoding="UTF-8"?>
<!-- Generated by org.testng.reporters.JUnitReportReporter -->
<testsuite hostname="Neeraj" name="Test4" tests="1" failures="0" timestamp="6 Jul 2017 15:19:38 GMT" time="0.034" errors="0">
  <testcase name="function1Test1" time="0.034" classname="Test4"/>
</testsuite> <Test4est4 -->
