<?xml version="1.0" encoding="UTF-8"?>
<!-- Generated by org.testng.reporters.JUnitReportReporter -->
<testsuite hostname="Neeraj" name="Test1" tests="2" failures="0" timestamp="6 Jul 2017 15:19:38 GMT" time="0.087" errors="0">
  <testcase name="function1Test1" time="0.071" classname="Test1"/>
  <testcase name="function3Test1" time="0.016" classname="Test1"/>
</testsuite> <Test1est1 -->
